<?xml version="1.0" encoding="UTF-8"?>
<!-- Generated by org.testng.reporters.JUnitXMLReporter -->
<testsuite ignored="0" hostname="DESKTOP-MQLPV38" failures="0" tests="3" name="Test" time="10.174" errors="0" timestamp="2024-06-22T18:09:21 IST">
  <testcase classname="testCases.TC__001__LoginPage" name="login" time="0.297"/>
  <testcase classname="testCases.TC__002__AddTo_Cart_Product" name="AddTo_cart" time="1.073"/>
  <testcase classname="testCases.TC__003__CheckOut" name="AddTo_cart" time="1.339"/>
</testsuite> <!-- Test -->
