<?xml version="1.0" encoding="UTF-8"?>
<testng-results ignored="0" total="3" passed="3" failed="0" skipped="0">
  <reporter-output>
  </reporter-output>
  <suite started-at="2024-06-22T18:09:11 IST" name="Suite" finished-at="2024-06-22T18:09:21 IST" duration-ms="10174">
    <groups>
    </groups>
    <test started-at="2024-06-22T18:09:11 IST" name="Test" finished-at="2024-06-22T18:09:21 IST" duration-ms="10174">
      <class name="testCases.TC__001__LoginPage">
        <test-method is-config="true" signature="set_up()[pri:0, instance:testCases.TC__001__LoginPage@38d8f54a]" started-at="2024-06-22T18:09:11 IST" name="set_up" finished-at="2024-06-22T18:09:14 IST" duration-ms="2894" status="PASS">
          <reporter-output>
          </reporter-output>
        </test-method> <!-- set_up -->
        <test-method signature="login()[pri:0, instance:testCases.TC__001__LoginPage@38d8f54a]" started-at="2024-06-22T18:09:14 IST" name="login" finished-at="2024-06-22T18:09:14 IST" duration-ms="297" status="PASS">
          <reporter-output>
          </reporter-output>
        </test-method> <!-- login -->
        <test-method is-config="true" signature="close()[pri:0, instance:testCases.TC__001__LoginPage@38d8f54a]" started-at="2024-06-22T18:09:14 IST" name="close" finished-at="2024-06-22T18:09:15 IST" duration-ms="147" status="PASS">
          <reporter-output>
          </reporter-output>
        </test-method> <!-- close -->
      </class> <!-- testCases.TC__001__LoginPage -->
      <class name="testCases.TC__002__AddTo_Cart_Product">
        <test-method is-config="true" signature="set_up()[pri:0, instance:testCases.TC__002__AddTo_Cart_Product@4c371370]" started-at="2024-06-22T18:09:15 IST" name="set_up" finished-at="2024-06-22T18:09:17 IST" duration-ms="2124" status="PASS">
          <reporter-output>
          </reporter-output>
        </test-method> <!-- set_up -->
        <test-method signature="AddTo_cart()[pri:0, instance:testCases.TC__002__AddTo_Cart_Product@4c371370]" started-at="2024-06-22T18:09:17 IST" name="AddTo_cart" finished-at="2024-06-22T18:09:18 IST" duration-ms="1073" status="PASS">
          <reporter-output>
          </reporter-output>
        </test-method> <!-- AddTo_cart -->
        <test-method is-config="true" signature="close()[pri:0, instance:testCases.TC__002__AddTo_Cart_Product@4c371370]" started-at="2024-06-22T18:09:18 IST" name="close" finished-at="2024-06-22T18:09:18 IST" duration-ms="97" status="PASS">
          <reporter-output>
          </reporter-output>
        </test-method> <!-- close -->
      </class> <!-- testCases.TC__002__AddTo_Cart_Product -->
      <class name="testCases.TC__003__CheckOut">
        <test-method is-config="true" signature="set_up()[pri:0, instance:testCases.TC__003__CheckOut@145f66e3]" started-at="2024-06-22T18:09:18 IST" name="set_up" finished-at="2024-06-22T18:09:20 IST" duration-ms="2039" status="PASS">
          <reporter-output>
          </reporter-output>
        </test-method> <!-- set_up -->
        <test-method signature="AddTo_cart()[pri:0, instance:testCases.TC__003__CheckOut@145f66e3]" started-at="2024-06-22T18:09:20 IST" name="AddTo_cart" finished-at="2024-06-22T18:09:21 IST" duration-ms="1339" status="PASS">
          <reporter-output>
          </reporter-output>
        </test-method> <!-- AddTo_cart -->
        <test-method is-config="true" signature="close()[pri:0, instance:testCases.TC__003__CheckOut@145f66e3]" started-at="2024-06-22T18:09:21 IST" name="close" finished-at="2024-06-22T18:09:21 IST" duration-ms="106" status="PASS">
          <reporter-output>
          </reporter-output>
        </test-method> <!-- close -->
      </class> <!-- testCases.TC__003__CheckOut -->
    </test> <!-- Test -->
  </suite> <!-- Suite -->
</testng-results>
